<?xml version="1.0" encoding="UTF-8"?>
<!-- Generated by org.testng.reporters.JUnitReportReporter -->
<testsuite hostname="Akhil" failures="0" tests="1" name="com.saleszenith.testscript.LoginLogoutTest" time="0.958" errors="0" timestamp="2024-12-25T22:52:37 IST" skipped="0">
  <testcase classname="com.saleszenith.testscript.LoginLogoutTest" name="test" time="0.958"/>
  <system-out>
    <![CDATA[Passed]]>
  </system-out>
</testsuite> <!-- com.saleszenith.testscript.LoginLogoutTest -->
